[debug] [2025-07-26T02:45:10.222Z] ----------------------------------------------------------------------
[debug] [2025-07-26T02:45:10.225Z] Command:       C:\Program Files\nodejs\node.exe C:\Users\Admin\AppData\Roaming\npm\node_modules\firebase-tools\lib\bin\firebase.js init
[debug] [2025-07-26T02:45:10.226Z] CLI Version:   14.10.1
[debug] [2025-07-26T02:45:10.226Z] Platform:      win32
[debug] [2025-07-26T02:45:10.226Z] Node Version:  v22.17.0
[debug] [2025-07-26T02:45:10.227Z] Time:          Sat Jul 26 2025 08:15:10 GMT+0530 (India Standard Time)
[debug] [2025-07-26T02:45:10.227Z] ----------------------------------------------------------------------
[debug] 
[debug] [2025-07-26T02:45:10.237Z] > command requires scopes: ["email","openid","https://www.googleapis.com/auth/cloudplatformprojects.readonly","https://www.googleapis.com/auth/firebase","https://www.googleapis.com/auth/cloud-platform"]
[debug] [2025-07-26T02:45:10.237Z] > authorizing via signed-in user (nooru36124@gmail.com)
[info] 
     ######## #### ########  ######## ########     ###     ######  ########
     ##        ##  ##     ## ##       ##     ##  ##   ##  ##       ##
     ######    ##  ########  ######   ########  #########  ######  ######
     ##        ##  ##    ##  ##       ##     ## ##     ##       ## ##
     ##       #### ##     ## ######## ########  ##     ##  ######  ########

You're about to initialize a Firebase project in this directory:

  C:\Users\Admin\Desktop\n\PROGRAMMING\HONEY PALACE\Honey-Palace-main

[info] 
=== Project Setup
[info] 
[info] First, let's associate this project directory with a Firebase project.
[info] You can create multiple project aliases by running firebase use --add, 
[info] but for now we'll just set up a default project.
[info] 
[debug] [2025-07-26T02:46:30.618Z] Checked if tokens are valid: true, expires at: 1753501365661
[debug] [2025-07-26T02:46:30.619Z] Checked if tokens are valid: true, expires at: 1753501365661
[debug] [2025-07-26T02:46:30.620Z] >>> [apiv2][query] GET https://firebase.googleapis.com/v1beta1/projects pageSize=100
[debug] [2025-07-26T02:46:31.297Z] <<< [apiv2][status] GET https://firebase.googleapis.com/v1beta1/projects 200
[debug] [2025-07-26T02:46:31.297Z] <<< [apiv2][body] GET https://firebase.googleapis.com/v1beta1/projects [omitted]
[info] i  Using project honey---palace (Honey - Palace) 
[info] 
=== Firestore Setup
[info] i  firestore: ensuring required API firestore.googleapis.com is enabled... 
[debug] [2025-07-26T02:46:32.520Z] Checked if tokens are valid: true, expires at: 1753501365661
[debug] [2025-07-26T02:46:32.520Z] Checked if tokens are valid: true, expires at: 1753501365661
[debug] [2025-07-26T02:46:32.520Z] >>> [apiv2][query] GET https://serviceusage.googleapis.com/v1/projects/honey---palace/services/firestore.googleapis.com [none]
[debug] [2025-07-26T02:46:32.520Z] >>> [apiv2][(partial)header] GET https://serviceusage.googleapis.com/v1/projects/honey---palace/services/firestore.googleapis.com x-goog-quota-user=projects/honey---palace
[debug] [2025-07-26T02:46:34.138Z] <<< [apiv2][status] GET https://serviceusage.googleapis.com/v1/projects/honey---palace/services/firestore.googleapis.com 200
[debug] [2025-07-26T02:46:34.139Z] <<< [apiv2][body] GET https://serviceusage.googleapis.com/v1/projects/honey---palace/services/firestore.googleapis.com [omitted]
[warn] !  firestore: missing required API firestore.googleapis.com. Enabling now... 
[debug] [2025-07-26T02:46:34.140Z] Checked if tokens are valid: true, expires at: 1753501365661
[debug] [2025-07-26T02:46:34.140Z] Checked if tokens are valid: true, expires at: 1753501365661
[debug] [2025-07-26T02:46:34.140Z] >>> [apiv2][query] POST https://serviceusage.googleapis.com/v1/projects/honey---palace/services/firestore.googleapis.com:enable [none]
[debug] [2025-07-26T02:46:34.140Z] >>> [apiv2][(partial)header] POST https://serviceusage.googleapis.com/v1/projects/honey---palace/services/firestore.googleapis.com:enable x-goog-quota-user=projects/honey---palace
[debug] [2025-07-26T02:46:34.676Z] <<< [apiv2][status] POST https://serviceusage.googleapis.com/v1/projects/honey---palace/services/firestore.googleapis.com:enable 200
[debug] [2025-07-26T02:46:34.676Z] <<< [apiv2][body] POST https://serviceusage.googleapis.com/v1/projects/honey---palace/services/firestore.googleapis.com:enable [omitted]
[debug] [2025-07-26T02:46:44.695Z] Checked if tokens are valid: true, expires at: 1753501365661
[debug] [2025-07-26T02:46:44.695Z] Checked if tokens are valid: true, expires at: 1753501365661
[debug] [2025-07-26T02:46:44.696Z] >>> [apiv2][query] GET https://firestore.googleapis.com/v1/projects/honey---palace/databases [none]
[debug] [2025-07-26T02:46:45.566Z] <<< [apiv2][status] GET https://firestore.googleapis.com/v1/projects/honey---palace/databases 200
[debug] [2025-07-26T02:46:45.567Z] <<< [apiv2][body] GET https://firestore.googleapis.com/v1/projects/honey---palace/databases {}
[debug] [2025-07-26T02:46:45.567Z] Checked if tokens are valid: true, expires at: 1753501365661
[debug] [2025-07-26T02:46:45.567Z] Checked if tokens are valid: true, expires at: 1753501365661
[debug] [2025-07-26T02:46:45.567Z] >>> [apiv2][query] GET https://firestore.googleapis.com/v1/projects/honey---palace/locations [none]
[debug] [2025-07-26T02:46:45.753Z] <<< [apiv2][status] GET https://firestore.googleapis.com/v1/projects/honey---palace/locations 200
[debug] [2025-07-26T02:46:45.753Z] <<< [apiv2][body] GET https://firestore.googleapis.com/v1/projects/honey---palace/locations {"locations":[{"name":"projects/honey---palace/locations/eur3","labels":{"appengine.googleapis.com/geo":"europe-west","cloud.googleapis.com/location":"eur3","cloud.googleapis.com/geo":"eur3"},"metadata":{"@type":"type.googleapis.com/google.firestore.admin.v1.LocationMetadata"},"locationId":"eur3","displayName":"Europe"},{"name":"projects/honey---palace/locations/nam5","labels":{"appengine.googleapis.com/geo":"us-central","cloud.googleapis.com/location":"nam5","cloud.googleapis.com/geo":"nam5"},"metadata":{"@type":"type.googleapis.com/google.firestore.admin.v1.LocationMetadata"},"locationId":"nam5","displayName":"United States"},{"name":"projects/honey---palace/locations/nam7","labels":{"cloud.googleapis.com/location":"nam7","cloud.googleapis.com/geo":"nam7"},"metadata":{"@type":"type.googleapis.com/google.firestore.admin.v1.LocationMetadata"},"locationId":"nam7","displayName":"United States"},{"name":"projects/honey---palace/locations/africa-south1","labels":{"cloud.googleapis.com/location":"africa-south1","cloud.googleapis.com/region":"africa-south1"},"metadata":{"@type":"type.googleapis.com/google.firestore.admin.v1.LocationMetadata"},"locationId":"africa-south1","displayName":"Johannesburg"},{"name":"projects/honey---palace/locations/asia-east1","labels":{"appengine.googleapis.com/region":"asia-east1","cloud.googleapis.com/location":"asia-east1","cloud.googleapis.com/region":"asia-east1"},"metadata":{"@type":"type.googleapis.com/google.firestore.admin.v1.LocationMetadata"},"locationId":"asia-east1","displayName":"Taiwan"},{"name":"projects/honey---palace/locations/asia-east2","labels":{"appengine.googleapis.com/region":"asia-east2","cloud.googleapis.com/location":"asia-east2","cloud.googleapis.com/region":"asia-east2"},"metadata":{"@type":"type.googleapis.com/google.firestore.admin.v1.LocationMetadata"},"locationId":"asia-east2","displayName":"Hong Kong"},{"name":"projects/honey---palace/locations/asia-northeast1","labels":{"appengine.googleapis.com/region":"asia-northeast1","cloud.googleapis.com/location":"asia-northeast1","cloud.googleapis.com/region":"asia-northeast1"},"metadata":{"@type":"type.googleapis.com/google.firestore.admin.v1.LocationMetadata"},"locationId":"asia-northeast1","displayName":"Tokyo"},{"name":"projects/honey---palace/locations/asia-northeast2","labels":{"appengine.googleapis.com/region":"asia-northeast2","cloud.googleapis.com/location":"asia-northeast2","cloud.googleapis.com/region":"asia-northeast2"},"metadata":{"@type":"type.googleapis.com/google.firestore.admin.v1.LocationMetadata"},"locationId":"asia-northeast2","displayName":"Osaka"},{"name":"projects/honey---palace/locations/asia-northeast3","labels":{"appengine.googleapis.com/region":"asia-northeast3","cloud.googleapis.com/location":"asia-northeast3","cloud.googleapis.com/region":"asia-northeast3"},"metadata":{"@type":"type.googleapis.com/google.firestore.admin.v1.LocationMetadata"},"locationId":"asia-northeast3","displayName":"Seoul"},{"name":"projects/honey---palace/locations/asia-south1","labels":{"appengine.googleapis.com/region":"asia-south1","cloud.googleapis.com/location":"asia-south1","cloud.googleapis.com/region":"asia-south1"},"metadata":{"@type":"type.googleapis.com/google.firestore.admin.v1.LocationMetadata"},"locationId":"asia-south1","displayName":"Mumbai"},{"name":"projects/honey---palace/locations/asia-south2","labels":{"cloud.googleapis.com/location":"asia-south2","cloud.googleapis.com/region":"asia-south2"},"metadata":{"@type":"type.googleapis.com/google.firestore.admin.v1.LocationMetadata"},"locationId":"asia-south2","displayName":"Delhi"},{"name":"projects/honey---palace/locations/asia-southeast1","labels":{"appengine.googleapis.com/region":"asia-southeast1","cloud.googleapis.com/location":"asia-southeast1","cloud.googleapis.com/region":"asia-southeast1"},"metadata":{"@type":"type.googleapis.com/google.firestore.admin.v1.LocationMetadata"},"locationId":"asia-southeast1","displayName":"Singapore"},{"name":"projects/honey---palace/locations/asia-southeast2","labels":{"appengine.googleapis.com/region":"asia-southeast2","cloud.googleapis.com/location":"asia-southeast2","cloud.googleapis.com/region":"asia-southeast2"},"metadata":{"@type":"type.googleapis.com/google.firestore.admin.v1.LocationMetadata"},"locationId":"asia-southeast2","displayName":"Jakarta"},{"name":"projects/honey---palace/locations/australia-southeast1","labels":{"appengine.googleapis.com/region":"australia-southeast1","cloud.googleapis.com/location":"australia-southeast1","cloud.googleapis.com/region":"australia-southeast1"},"metadata":{"@type":"type.googleapis.com/google.firestore.admin.v1.LocationMetadata"},"locationId":"australia-southeast1","displayName":"Sydney"},{"name":"projects/honey---palace/locations/australia-southeast2","labels":{"cloud.googleapis.com/location":"australia-southeast2","cloud.googleapis.com/region":"australia-southeast2"},"metadata":{"@type":"type.googleapis.com/google.firestore.admin.v1.LocationMetadata"},"locationId":"australia-southeast2","displayName":"Melbourne"},{"name":"projects/honey---palace/locations/europe-central2","labels":{"appengine.googleapis.com/region":"europe-central2","cloud.googleapis.com/location":"europe-central2","cloud.googleapis.com/region":"europe-central2"},"metadata":{"@type":"type.googleapis.com/google.firestore.admin.v1.LocationMetadata"},"locationId":"europe-central2","displayName":"Warsaw"},{"name":"projects/honey---palace/locations/europe-north1","labels":{"cloud.googleapis.com/location":"europe-north1","cloud.googleapis.com/region":"europe-north1"},"metadata":{"@type":"type.googleapis.com/google.firestore.admin.v1.LocationMetadata"},"locationId":"europe-north1","displayName":"Finland"},{"name":"projects/honey---palace/locations/europe-north2","labels":{"cloud.googleapis.com/location":"europe-north2","cloud.googleapis.com/region":"europe-north2"},"metadata":{"@type":"type.googleapis.com/google.firestore.admin.v1.LocationMetadata"},"locationId":"europe-north2","displayName":"Stockholm"},{"name":"projects/honey---palace/locations/europe-southwest1","labels":{"cloud.googleapis.com/location":"europe-southwest1","cloud.googleapis.com/region":"europe-southwest1"},"metadata":{"@type":"type.googleapis.com/google.firestore.admin.v1.LocationMetadata"},"locationId":"europe-southwest1","displayName":"Madrid"},{"name":"projects/honey---palace/locations/europe-west1","labels":{"cloud.googleapis.com/location":"europe-west1","cloud.googleapis.com/region":"europe-west1"},"metadata":{"@type":"type.googleapis.com/google.firestore.admin.v1.LocationMetadata"},"locationId":"europe-west1","displayName":"Belgium"},{"name":"projects/honey---palace/locations/europe-west10","labels":{"cloud.googleapis.com/location":"europe-west10","cloud.googleapis.com/region":"europe-west10"},"metadata":{"@type":"type.googleapis.com/google.firestore.admin.v1.LocationMetadata"},"locationId":"europe-west10","displayName":"Berlin"},{"name":"projects/honey---palace/locations/europe-west12","labels":{"cloud.googleapis.com/location":"europe-west12","cloud.googleapis.com/region":"europe-west12"},"metadata":{"@type":"type.googleapis.com/google.firestore.admin.v1.LocationMetadata"},"locationId":"europe-west12","displayName":"Turin"},{"name":"projects/honey---palace/locations/europe-west2","labels":{"appengine.googleapis.com/region":"europe-west2","cloud.googleapis.com/location":"europe-west2","cloud.googleapis.com/region":"europe-west2"},"metadata":{"@type":"type.googleapis.com/google.firestore.admin.v1.LocationMetadata"},"locationId":"europe-west2","displayName":"London"},{"name":"projects/honey---palace/locations/europe-west3","labels":{"appengine.googleapis.com/region":"europe-west3","cloud.googleapis.com/location":"europe-west3","cloud.googleapis.com/region":"europe-west3"},"metadata":{"@type":"type.googleapis.com/google.firestore.admin.v1.LocationMetadata"},"locationId":"europe-west3","displayName":"Frankfurt"},{"name":"projects/honey---palace/locations/europe-west4","labels":{"cloud.googleapis.com/location":"europe-west4","cloud.googleapis.com/region":"europe-west4"},"metadata":{"@type":"type.googleapis.com/google.firestore.admin.v1.LocationMetadata"},"locationId":"europe-west4","displayName":"Netherlands"},{"name":"projects/honey---palace/locations/europe-west6","labels":{"appengine.googleapis.com/region":"europe-west6","cloud.googleapis.com/location":"europe-west6","cloud.googleapis.com/region":"europe-west6"},"metadata":{"@type":"type.googleapis.com/google.firestore.admin.v1.LocationMetadata"},"locationId":"europe-west6","displayName":"Zurich"},{"name":"projects/honey---palace/locations/europe-west8","labels":{"cloud.googleapis.com/location":"europe-west8","cloud.googleapis.com/region":"europe-west8"},"metadata":{"@type":"type.googleapis.com/google.firestore.admin.v1.LocationMetadata"},"locationId":"europe-west8","displayName":"Milan"},{"name":"projects/honey---palace/locations/europe-west9","labels":{"cloud.googleapis.com/location":"europe-west9","cloud.googleapis.com/region":"europe-west9"},"metadata":{"@type":"type.googleapis.com/google.firestore.admin.v1.LocationMetadata"},"locationId":"europe-west9","displayName":"Paris"},{"name":"projects/honey---palace/locations/me-central1","labels":{"cloud.googleapis.com/location":"me-central1","cloud.googleapis.com/region":"me-central1"},"metadata":{"@type":"type.googleapis.com/google.firestore.admin.v1.LocationMetadata"},"locationId":"me-central1","displayName":"Doha"},{"name":"projects/honey---palace/locations/me-central2","labels":{"cloud.googleapis.com/location":"me-central2","cloud.googleapis.com/region":"me-central2"},"metadata":{"@type":"type.googleapis.com/google.firestore.admin.v1.LocationMetadata"},"locationId":"me-central2","displayName":"Dammam"},{"name":"projects/honey---palace/locations/me-west1","labels":{"cloud.googleapis.com/location":"me-west1","cloud.googleapis.com/region":"me-west1"},"metadata":{"@type":"type.googleapis.com/google.firestore.admin.v1.LocationMetadata"},"locationId":"me-west1","displayName":"Tel Aviv"},{"name":"projects/honey---palace/locations/northamerica-northeast1","labels":{"appengine.googleapis.com/region":"northamerica-northeast1","cloud.googleapis.com/location":"northamerica-northeast1","cloud.googleapis.com/region":"northamerica-northeast1"},"metadata":{"@type":"type.googleapis.com/google.firestore.admin.v1.LocationMetadata"},"locationId":"northamerica-northeast1","displayName":"Montréal"},{"name":"projects/honey---palace/locations/northamerica-northeast2","labels":{"cloud.googleapis.com/location":"northamerica-northeast2","cloud.googleapis.com/region":"northamerica-northeast2"},"metadata":{"@type":"type.googleapis.com/google.firestore.admin.v1.LocationMetadata"},"locationId":"northamerica-northeast2","displayName":"Toronto"},{"name":"projects/honey---palace/locations/northamerica-south1","labels":{"cloud.googleapis.com/location":"northamerica-south1","cloud.googleapis.com/region":"northamerica-south1"},"metadata":{"@type":"type.googleapis.com/google.firestore.admin.v1.LocationMetadata"},"locationId":"northamerica-south1","displayName":"Mexico"},{"name":"projects/honey---palace/locations/southamerica-east1","labels":{"appengine.googleapis.com/region":"southamerica-east1","cloud.googleapis.com/location":"southamerica-east1","cloud.googleapis.com/region":"southamerica-east1"},"metadata":{"@type":"type.googleapis.com/google.firestore.admin.v1.LocationMetadata"},"locationId":"southamerica-east1","displayName":"São Paulo"},{"name":"projects/honey---palace/locations/southamerica-west1","labels":{"cloud.googleapis.com/location":"southamerica-west1","cloud.googleapis.com/region":"southamerica-west1"},"metadata":{"@type":"type.googleapis.com/google.firestore.admin.v1.LocationMetadata"},"locationId":"southamerica-west1","displayName":"Santiago"},{"name":"projects/honey---palace/locations/us-central1","labels":{"cloud.googleapis.com/location":"us-central1","cloud.googleapis.com/region":"us-central1"},"metadata":{"@type":"type.googleapis.com/google.firestore.admin.v1.LocationMetadata"},"locationId":"us-central1","displayName":"Iowa"},{"name":"projects/honey---palace/locations/us-east1","labels":{"appengine.googleapis.com/region":"us-east1","cloud.googleapis.com/location":"us-east1","cloud.googleapis.com/region":"us-east1"},"metadata":{"@type":"type.googleapis.com/google.firestore.admin.v1.LocationMetadata"},"locationId":"us-east1","displayName":"South Carolina"},{"name":"projects/honey---palace/locations/us-east4","labels":{"appengine.googleapis.com/region":"us-east4","cloud.googleapis.com/location":"us-east4","cloud.googleapis.com/region":"us-east4"},"metadata":{"@type":"type.googleapis.com/google.firestore.admin.v1.LocationMetadata"},"locationId":"us-east4","displayName":"Northern Virginia"},{"name":"projects/honey---palace/locations/us-east5","labels":{"cloud.googleapis.com/location":"us-east5","cloud.googleapis.com/region":"us-east5"},"metadata":{"@type":"type.googleapis.com/google.firestore.admin.v1.LocationMetadata"},"locationId":"us-east5","displayName":"Columbus"},{"name":"projects/honey---palace/locations/us-south1","labels":{"cloud.googleapis.com/location":"us-south1","cloud.googleapis.com/region":"us-south1"},"metadata":{"@type":"type.googleapis.com/google.firestore.admin.v1.LocationMetadata"},"locationId":"us-south1","displayName":"Dallas"},{"name":"projects/honey---palace/locations/us-west1","labels":{"appengine.googleapis.com/region":"us-west1","cloud.googleapis.com/location":"us-west1","cloud.googleapis.com/region":"us-west1"},"metadata":{"@type":"type.googleapis.com/google.firestore.admin.v1.LocationMetadata"},"locationId":"us-west1","displayName":"Oregon"},{"name":"projects/honey---palace/locations/us-west2","labels":{"appengine.googleapis.com/region":"us-west2","cloud.googleapis.com/location":"us-west2","cloud.googleapis.com/region":"us-west2"},"metadata":{"@type":"type.googleapis.com/google.firestore.admin.v1.LocationMetadata"},"locationId":"us-west2","displayName":"Los Angeles"},{"name":"projects/honey---palace/locations/us-west3","labels":{"appengine.googleapis.com/region":"us-west3","cloud.googleapis.com/location":"us-west3","cloud.googleapis.com/region":"us-west3"},"metadata":{"@type":"type.googleapis.com/google.firestore.admin.v1.LocationMetadata"},"locationId":"us-west3","displayName":"Salt Lake City"},{"name":"projects/honey---palace/locations/us-west4","labels":{"appengine.googleapis.com/region":"us-west4","cloud.googleapis.com/location":"us-west4","cloud.googleapis.com/region":"us-west4"},"metadata":{"@type":"type.googleapis.com/google.firestore.admin.v1.LocationMetadata"},"locationId":"us-west4","displayName":"Las Vegas"},{"name":"projects/honey---palace/locations/us-west8","labels":{"cloud.googleapis.com/location":"us-west8","cloud.googleapis.com/region":"us-west8"},"metadata":{"@type":"type.googleapis.com/google.firestore.admin.v1.LocationMetadata"},"locationId":"us-west8","displayName":"Phoenix"}]}
[info] 
[info] Firestore Security Rules allow you to define how and when to allow
[info] requests. You can keep these rules in your project directory
[info] and publish them with firebase deploy.
[info] 
[debug] [2025-07-26T02:47:34.066Z] Checked if tokens are valid: true, expires at: 1753501365661
[debug] [2025-07-26T02:47:34.066Z] Checked if tokens are valid: true, expires at: 1753501365661
[debug] [2025-07-26T02:47:34.066Z] >>> [apiv2][query] GET https://firebaserules.googleapis.com/v1/projects/honey---palace/releases pageSize=10&pageToken=
[debug] [2025-07-26T02:47:35.538Z] <<< [apiv2][status] GET https://firebaserules.googleapis.com/v1/projects/honey---palace/releases 200
[debug] [2025-07-26T02:47:35.538Z] <<< [apiv2][body] GET https://firebaserules.googleapis.com/v1/projects/honey---palace/releases {}
[info] 
[info] Firestore indexes allow you to perform complex queries while
[info] maintaining performance that scales with the size of the result
[info] set. You can keep index definitions in your project directory
[info] and publish them with firebase deploy.
[info] 
[debug] [2025-07-26T02:47:38.273Z] Checked if tokens are valid: true, expires at: 1753501365661
[debug] [2025-07-26T02:47:38.273Z] Checked if tokens are valid: true, expires at: 1753501365661
[debug] [2025-07-26T02:47:38.273Z] Checked if tokens are valid: true, expires at: 1753501365661
[debug] [2025-07-26T02:47:38.273Z] Checked if tokens are valid: true, expires at: 1753501365661
[debug] [2025-07-26T02:47:38.274Z] >>> [apiv2][query] GET https://firestore.googleapis.com/v1/projects/honey---palace/databases/(default)/collectionGroups/-/indexes [none]
[debug] [2025-07-26T02:47:38.276Z] >>> [apiv2][query] GET https://firestore.googleapis.com/v1/projects/honey---palace/databases/(default)/collectionGroups/-/fields?filter=indexConfig.usesAncestorConfig=false OR ttlConfig:* [none]
[debug] [2025-07-26T02:47:38.554Z] <<< [apiv2][status] GET https://firestore.googleapis.com/v1/projects/honey---palace/databases/(default)/collectionGroups/-/fields?filter=indexConfig.usesAncestorConfig=false OR ttlConfig:* 404
[debug] [2025-07-26T02:47:38.554Z] <<< [apiv2][body] GET https://firestore.googleapis.com/v1/projects/honey---palace/databases/(default)/collectionGroups/-/fields?filter=indexConfig.usesAncestorConfig=false OR ttlConfig:* {"error":{"code":404,"message":"Project 'honey---palace' or database '(default)' does not exist.","status":"NOT_FOUND"}}
[info] +  Wrote firestore.rules 
[info] +  Wrote firestore.indexes.json 
[info] 
=== Genkit Setup
[debug] [2025-07-26T02:47:38.589Z] <<< [apiv2][status] GET https://firestore.googleapis.com/v1/projects/honey---palace/databases/(default)/collectionGroups/-/indexes 404
[debug] [2025-07-26T02:47:38.589Z] <<< [apiv2][body] GET https://firestore.googleapis.com/v1/projects/honey---palace/databases/(default)/collectionGroups/-/indexes {"error":{"code":404,"message":"Project 'honey---palace' or database '(default)' does not exist.","status":"NOT_FOUND"}}
[debug] [2025-07-26T02:47:52.465Z] > command requires scopes: ["email","openid","https://www.googleapis.com/auth/cloudplatformprojects.readonly","https://www.googleapis.com/auth/firebase","https://www.googleapis.com/auth/cloud-platform"]
[debug] [2025-07-26T02:47:52.465Z] > authorizing via signed-in user (nooru36124@gmail.com)
[debug] [2025-07-26T02:47:52.465Z] [iam] checking project honey---palace for permissions ["firebase.projects.get"]
[debug] [2025-07-26T02:47:52.466Z] Checked if tokens are valid: true, expires at: 1753501365661
[debug] [2025-07-26T02:47:52.466Z] Checked if tokens are valid: true, expires at: 1753501365661
[debug] [2025-07-26T02:47:52.466Z] >>> [apiv2][query] POST https://cloudresourcemanager.googleapis.com/v1/projects/honey---palace:testIamPermissions [none]
[debug] [2025-07-26T02:47:52.466Z] >>> [apiv2][(partial)header] POST https://cloudresourcemanager.googleapis.com/v1/projects/honey---palace:testIamPermissions x-goog-quota-user=projects/honey---palace
[debug] [2025-07-26T02:47:52.466Z] >>> [apiv2][body] POST https://cloudresourcemanager.googleapis.com/v1/projects/honey---palace:testIamPermissions {"permissions":["firebase.projects.get"]}
[debug] [2025-07-26T02:47:53.768Z] <<< [apiv2][status] POST https://cloudresourcemanager.googleapis.com/v1/projects/honey---palace:testIamPermissions 200
[debug] [2025-07-26T02:47:53.768Z] <<< [apiv2][body] POST https://cloudresourcemanager.googleapis.com/v1/projects/honey---palace:testIamPermissions {"permissions":["firebase.projects.get"]}
[debug] [2025-07-26T02:47:53.769Z] Checked if tokens are valid: true, expires at: 1753501365661
[debug] [2025-07-26T02:47:53.769Z] Checked if tokens are valid: true, expires at: 1753501365661
[debug] [2025-07-26T02:47:53.769Z] Checked if tokens are valid: true, expires at: 1753501365661
[debug] [2025-07-26T02:47:53.769Z] Checked if tokens are valid: true, expires at: 1753501365661
[debug] [2025-07-26T02:47:53.770Z] >>> [apiv2][query] GET https://serviceusage.googleapis.com/v1/projects/honey---palace/services/cloudfunctions.googleapis.com [none]
[debug] [2025-07-26T02:47:53.770Z] >>> [apiv2][(partial)header] GET https://serviceusage.googleapis.com/v1/projects/honey---palace/services/cloudfunctions.googleapis.com x-goog-quota-user=projects/honey---palace
[debug] [2025-07-26T02:47:53.772Z] >>> [apiv2][query] GET https://serviceusage.googleapis.com/v1/projects/honey---palace/services/runtimeconfig.googleapis.com [none]
[debug] [2025-07-26T02:47:53.772Z] >>> [apiv2][(partial)header] GET https://serviceusage.googleapis.com/v1/projects/honey---palace/services/runtimeconfig.googleapis.com x-goog-quota-user=projects/honey---palace
[debug] [2025-07-26T02:47:55.371Z] <<< [apiv2][status] GET https://serviceusage.googleapis.com/v1/projects/honey---palace/services/runtimeconfig.googleapis.com 200
[debug] [2025-07-26T02:47:55.371Z] <<< [apiv2][body] GET https://serviceusage.googleapis.com/v1/projects/honey---palace/services/runtimeconfig.googleapis.com [omitted]
[debug] [2025-07-26T02:47:55.386Z] <<< [apiv2][status] GET https://serviceusage.googleapis.com/v1/projects/honey---palace/services/cloudfunctions.googleapis.com 200
[debug] [2025-07-26T02:47:55.386Z] <<< [apiv2][body] GET https://serviceusage.googleapis.com/v1/projects/honey---palace/services/cloudfunctions.googleapis.com [omitted]
[debug] [2025-07-26T02:47:55.387Z] Checked if tokens are valid: true, expires at: 1753501365661
[debug] [2025-07-26T02:47:55.387Z] Checked if tokens are valid: true, expires at: 1753501365661
[debug] [2025-07-26T02:47:55.387Z] >>> [apiv2][query] POST https://serviceusage.googleapis.com/v1/projects/honey---palace/services/cloudfunctions.googleapis.com:enable [none]
[debug] [2025-07-26T02:47:55.387Z] >>> [apiv2][(partial)header] POST https://serviceusage.googleapis.com/v1/projects/honey---palace/services/cloudfunctions.googleapis.com:enable x-goog-quota-user=projects/honey---palace
[debug] [2025-07-26T02:47:55.929Z] <<< [apiv2][status] POST https://serviceusage.googleapis.com/v1/projects/honey---palace/services/cloudfunctions.googleapis.com:enable 200
[debug] [2025-07-26T02:47:55.929Z] <<< [apiv2][body] POST https://serviceusage.googleapis.com/v1/projects/honey---palace/services/cloudfunctions.googleapis.com:enable [omitted]
[info] Let's create a new codebase for your functions.
[info] A directory corresponding to the codebase will be created in your project
[info] with sample code pre-configured.

[info] See https://firebase.google.com/docs/functions/organize-functions for
[info] more information on organizing your functions using codebases.

[info] Functions can be deployed with firebase deploy.

[info] +  Wrote functions/package.json 
[info] +  Wrote functions/.eslintrc.js 
[info] +  Wrote functions/tsconfig.dev.json 
[info] +  Wrote functions/tsconfig.json 
[info] +  Wrote functions/src/index.ts 
[info] +  Wrote functions/.gitignore 
[info] 
[info] i  genkit: Installing Genkit CLI version 1.15.5
 
[info] i  genkit: Installing NPM packages for genkit 
[info] +  genkit: Successfully installed NPM packages 
[info] i  genkit: Updating tsconfig.json 
[info] +  genkit: Successfully updated tsconfig.json 
[info] i  genkit: Updating package.json 
[info] +  genkit: Successfully updated package.json 
[info] Telemetry data can be used to monitor and gain insights into your AI features. There may be a cost associated with using this feature. See https://firebase.google.com/docs/genkit/observability/telemetry-collection.
[info] i  genkit: Generating sample file 
[info] +  genkit: Successfully generated sample file (src/genkit-sample.ts) 
[info] 
[info] 
Login to Google Cloud using:
[info]     gcloud auth application-default login --project honey---palace

[info] Then start the Genkit developer experience by running:
[info]     cd functions && npm run genkit:start
[info] 
=== Functions Setup
[debug] [2025-07-26T02:51:09.420Z] > command requires scopes: ["email","openid","https://www.googleapis.com/auth/cloudplatformprojects.readonly","https://www.googleapis.com/auth/firebase","https://www.googleapis.com/auth/cloud-platform"]
[debug] [2025-07-26T02:51:09.420Z] > authorizing via signed-in user (nooru36124@gmail.com)
[debug] [2025-07-26T02:51:09.420Z] [iam] checking project honey---palace for permissions ["firebase.projects.get"]
[debug] [2025-07-26T02:51:09.420Z] Checked if tokens are valid: true, expires at: 1753501365661
[debug] [2025-07-26T02:51:09.420Z] Checked if tokens are valid: true, expires at: 1753501365661
[debug] [2025-07-26T02:51:09.421Z] >>> [apiv2][query] POST https://cloudresourcemanager.googleapis.com/v1/projects/honey---palace:testIamPermissions [none]
[debug] [2025-07-26T02:51:09.421Z] >>> [apiv2][(partial)header] POST https://cloudresourcemanager.googleapis.com/v1/projects/honey---palace:testIamPermissions x-goog-quota-user=projects/honey---palace
[debug] [2025-07-26T02:51:09.421Z] >>> [apiv2][body] POST https://cloudresourcemanager.googleapis.com/v1/projects/honey---palace:testIamPermissions {"permissions":["firebase.projects.get"]}
[debug] [2025-07-26T02:51:10.720Z] <<< [apiv2][status] POST https://cloudresourcemanager.googleapis.com/v1/projects/honey---palace:testIamPermissions 200
[debug] [2025-07-26T02:51:10.720Z] <<< [apiv2][body] POST https://cloudresourcemanager.googleapis.com/v1/projects/honey---palace:testIamPermissions {"permissions":["firebase.projects.get"]}
[info] 
Detected existing codebase(s): default

[info] 
Overwriting codebase default...

[info] +  Wrote functions/requirements.txt 
[info] +  Wrote functions/.gitignore 
[info] +  Wrote functions/main.py 
[debug] [2025-07-26T02:51:52.096Z] Running command with virtualenv: command="C:\Users\Admin\Desktop\n\PROGRAMMING\HONEY PALACE\Honey-Palace-main\functions\venv\Scripts\activate.bat", args=["","&&","pip3","install","--upgrade","pip"]
[debug] [2025-07-26T02:51:52.318Z] Error: spawn "C:\Users\Admin\Desktop\n\PROGRAMMING\HONEY PALACE\Honey-Palace-main\functions\venv\Scripts\activate.bat" ENOENT
    at notFoundError (C:\Users\Admin\AppData\Roaming\npm\node_modules\firebase-tools\node_modules\cross-spawn\lib\enoent.js:6:26)
    at verifyENOENT (C:\Users\Admin\AppData\Roaming\npm\node_modules\firebase-tools\node_modules\cross-spawn\lib\enoent.js:40:16)
    at cp.emit (C:\Users\Admin\AppData\Roaming\npm\node_modules\firebase-tools\node_modules\cross-spawn\lib\enoent.js:27:25)
    at ChildProcess._handle.onexit (node:internal/child_process:293:12)
    at Process.callbackTrampoline (node:internal/async_hooks:130:17)
[error] 
[error] Error: An unexpected error has occurred.
